# Logfile created on 2014-01-28 08:58:54 -0800 by logger.rb/44203
I, [2014-01-28T08:58:54.617880 #22762]  INFO -- : 0:  rake (10.1.1) from /Users/dbaynes/.rvm/gems/ruby-2.1.0/specifications/rake-10.1.1.gemspec
I, [2014-01-28T08:58:54.618652 #22762]  INFO -- : 0:  i18n (0.6.9) from /Users/dbaynes/.rvm/gems/ruby-2.1.0@global/specifications/i18n-0.6.9.gemspec
I, [2014-01-28T08:58:54.618922 #22762]  INFO -- : 0:  minitest (4.7.5) from /Users/dbaynes/.rvm/rubies/ruby-2.1.0/lib/ruby/gems/2.1.0/specifications/default/minitest-4.7.5.gemspec
I, [2014-01-28T08:58:54.619175 #22762]  INFO -- : 0:  multi_json (1.8.4) from /Users/dbaynes/.rvm/gems/ruby-2.1.0/specifications/multi_json-1.8.4.gemspec
I, [2014-01-28T08:58:54.619397 #22762]  INFO -- : 0:  atomic (1.1.14) from /Users/dbaynes/.rvm/gems/ruby-2.1.0@global/specifications/atomic-1.1.14.gemspec
I, [2014-01-28T08:58:54.619627 #22762]  INFO -- : 0:  thread_safe (0.1.3) from /Users/dbaynes/.rvm/gems/ruby-2.1.0@global/specifications/thread_safe-0.1.3.gemspec
I, [2014-01-28T08:58:54.619864 #22762]  INFO -- : 0:  tzinfo (0.3.38) from /Users/dbaynes/.rvm/gems/ruby-2.1.0@global/specifications/tzinfo-0.3.38.gemspec
I, [2014-01-28T08:58:54.620102 #22762]  INFO -- : 0:  activesupport (4.0.2) from /Users/dbaynes/.rvm/gems/ruby-2.1.0@global/specifications/activesupport-4.0.2.gemspec
I, [2014-01-28T08:58:54.620330 #22762]  INFO -- : 0:  builder (3.1.4) from /Users/dbaynes/.rvm/gems/ruby-2.1.0@global/specifications/builder-3.1.4.gemspec
I, [2014-01-28T08:58:54.620553 #22762]  INFO -- : 0:  erubis (2.7.0) from /Users/dbaynes/.rvm/gems/ruby-2.1.0@global/specifications/erubis-2.7.0.gemspec
I, [2014-01-28T08:58:54.620725 #22762]  INFO -- : 0:  rack (1.5.2) from /Users/dbaynes/.rvm/gems/ruby-2.1.0@global/specifications/rack-1.5.2.gemspec
I, [2014-01-28T08:58:54.620945 #22762]  INFO -- : 0:  rack-test (0.6.2) from /Users/dbaynes/.rvm/gems/ruby-2.1.0@global/specifications/rack-test-0.6.2.gemspec
I, [2014-01-28T08:58:54.621203 #22762]  INFO -- : 0:  actionpack (4.0.2) from /Users/dbaynes/.rvm/gems/ruby-2.1.0@global/specifications/actionpack-4.0.2.gemspec
I, [2014-01-28T08:58:54.621435 #22762]  INFO -- : 0:  mime-types (1.25.1) from /Users/dbaynes/.rvm/gems/ruby-2.1.0@global/specifications/mime-types-1.25.1.gemspec
I, [2014-01-28T08:58:54.621655 #22762]  INFO -- : 0:  polyglot (0.3.3) from /Users/dbaynes/.rvm/gems/ruby-2.1.0@global/specifications/polyglot-0.3.3.gemspec
I, [2014-01-28T08:58:54.621878 #22762]  INFO -- : 0:  treetop (1.4.15) from /Users/dbaynes/.rvm/gems/ruby-2.1.0@global/specifications/treetop-1.4.15.gemspec
I, [2014-01-28T08:58:54.622088 #22762]  INFO -- : 0:  mail (2.5.4) from /Users/dbaynes/.rvm/gems/ruby-2.1.0@global/specifications/mail-2.5.4.gemspec
I, [2014-01-28T08:58:54.622316 #22762]  INFO -- : 0:  actionmailer (4.0.2) from /Users/dbaynes/.rvm/gems/ruby-2.1.0@global/specifications/actionmailer-4.0.2.gemspec
I, [2014-01-28T08:58:54.622542 #22762]  INFO -- : 0:  activemodel (4.0.2) from /Users/dbaynes/.rvm/gems/ruby-2.1.0@global/specifications/activemodel-4.0.2.gemspec
I, [2014-01-28T08:58:54.622764 #22762]  INFO -- : 0:  activerecord-deprecated_finders (1.0.3) from /Users/dbaynes/.rvm/gems/ruby-2.1.0@global/specifications/activerecord-deprecated_finders-1.0.3.gemspec
I, [2014-01-28T08:58:54.622985 #22762]  INFO -- : 0:  arel (4.0.1) from /Users/dbaynes/.rvm/gems/ruby-2.1.0@global/specifications/arel-4.0.1.gemspec
I, [2014-01-28T08:58:54.623210 #22762]  INFO -- : 0:  activerecord (4.0.2) from /Users/dbaynes/.rvm/gems/ruby-2.1.0@global/specifications/activerecord-4.0.2.gemspec
I, [2014-01-28T08:58:54.623406 #22762]  INFO -- : 0:  bundler (1.5.1) from /Users/dbaynes/.rvm/gems/ruby-2.1.0@global/specifications/bundler-1.5.1.gemspec
I, [2014-01-28T08:58:54.623628 #22762]  INFO -- : 0:  mini_portile (0.5.2) from /Users/dbaynes/.rvm/gems/ruby-2.1.0/specifications/mini_portile-0.5.2.gemspec
I, [2014-01-28T08:58:54.623846 #22762]  INFO -- : 0:  nokogiri (1.6.1) from /Users/dbaynes/.rvm/gems/ruby-2.1.0/specifications/nokogiri-1.6.1.gemspec
I, [2014-01-28T08:58:54.624059 #22762]  INFO -- : 0:  xpath (2.0.0) from /Users/dbaynes/.rvm/gems/ruby-2.1.0/specifications/xpath-2.0.0.gemspec
I, [2014-01-28T08:58:54.624287 #22762]  INFO -- : 0:  capybara (2.1.0) from /Users/dbaynes/.rvm/gems/ruby-2.1.0/specifications/capybara-2.1.0.gemspec
I, [2014-01-28T08:58:54.624506 #22762]  INFO -- : 0:  coffee-script-source (1.6.3) from /Users/dbaynes/.rvm/gems/ruby-2.1.0/specifications/coffee-script-source-1.6.3.gemspec
I, [2014-01-28T08:58:54.624713 #22762]  INFO -- : 0:  execjs (2.0.2) from /Users/dbaynes/.rvm/gems/ruby-2.1.0/specifications/execjs-2.0.2.gemspec
I, [2014-01-28T08:58:54.624928 #22762]  INFO -- : 0:  coffee-script (2.2.0) from /Users/dbaynes/.rvm/gems/ruby-2.1.0/specifications/coffee-script-2.2.0.gemspec
I, [2014-01-28T08:58:54.625205 #22762]  INFO -- : 0:  thor (0.18.1) from /Users/dbaynes/.rvm/gems/ruby-2.1.0@global/specifications/thor-0.18.1.gemspec
I, [2014-01-28T08:58:54.625426 #22762]  INFO -- : 0:  railties (4.0.2) from /Users/dbaynes/.rvm/gems/ruby-2.1.0@global/specifications/railties-4.0.2.gemspec
I, [2014-01-28T08:58:54.625643 #22762]  INFO -- : 0:  coffee-rails (4.0.1) from /Users/dbaynes/.rvm/gems/ruby-2.1.0/specifications/coffee-rails-4.0.1.gemspec
I, [2014-01-28T08:58:54.625863 #22762]  INFO -- : 0:  hike (1.2.3) from /Users/dbaynes/.rvm/gems/ruby-2.1.0@global/specifications/hike-1.2.3.gemspec
I, [2014-01-28T08:58:54.626077 #22762]  INFO -- : 0:  jbuilder (1.5.3) from /Users/dbaynes/.rvm/gems/ruby-2.1.0/specifications/jbuilder-1.5.3.gemspec
I, [2014-01-28T08:58:54.626298 #22762]  INFO -- : 0:  jquery-rails (3.0.4) from /Users/dbaynes/.rvm/gems/ruby-2.1.0/specifications/jquery-rails-3.0.4.gemspec
I, [2014-01-28T08:58:54.626510 #22762]  INFO -- : 0:  json (1.8.1) from /Users/dbaynes/.rvm/rubies/ruby-2.1.0/lib/ruby/gems/2.1.0/specifications/default/json-1.8.1.gemspec
I, [2014-01-28T08:58:54.626727 #22762]  INFO -- : 0:  minitest-capybara (0.5.0) from /Users/dbaynes/.rvm/gems/ruby-2.1.0/specifications/minitest-capybara-0.5.0.gemspec
I, [2014-01-28T08:58:54.626946 #22762]  INFO -- : 0:  minitest-metadata (0.4.0) from /Users/dbaynes/.rvm/gems/ruby-2.1.0/specifications/minitest-metadata-0.4.0.gemspec
I, [2014-01-28T08:58:54.627169 #22762]  INFO -- : 0:  tilt (1.4.1) from /Users/dbaynes/.rvm/gems/ruby-2.1.0@global/specifications/tilt-1.4.1.gemspec
I, [2014-01-28T08:58:54.627383 #22762]  INFO -- : 0:  sprockets (2.10.1) from /Users/dbaynes/.rvm/gems/ruby-2.1.0@global/specifications/sprockets-2.10.1.gemspec
I, [2014-01-28T08:58:54.627606 #22762]  INFO -- : 0:  sprockets-rails (2.0.1) from /Users/dbaynes/.rvm/gems/ruby-2.1.0@global/specifications/sprockets-rails-2.0.1.gemspec
I, [2014-01-28T08:58:54.627833 #22762]  INFO -- : 0:  rails (4.0.2) from /Users/dbaynes/.rvm/gems/ruby-2.1.0/specifications/rails-4.0.2.gemspec
I, [2014-01-28T08:58:54.628053 #22762]  INFO -- : 0:  minitest-rails (0.9.2) from /Users/dbaynes/.rvm/gems/ruby-2.1.0/specifications/minitest-rails-0.9.2.gemspec
I, [2014-01-28T08:58:54.628275 #22762]  INFO -- : 0:  minitest-rails-capybara (0.10.0) from /Users/dbaynes/.rvm/gems/ruby-2.1.0/specifications/minitest-rails-capybara-0.10.0.gemspec
I, [2014-01-28T08:58:54.628804 #22762]  INFO -- : 0:  rdoc (4.1.1) from /Users/dbaynes/.rvm/gems/ruby-2.1.0/specifications/rdoc-4.1.1.gemspec
I, [2014-01-28T08:58:54.629203 #22762]  INFO -- : 0:  sass (3.2.14) from /Users/dbaynes/.rvm/gems/ruby-2.1.0/specifications/sass-3.2.14.gemspec
I, [2014-01-28T08:58:54.629456 #22762]  INFO -- : 0:  sass-rails (4.0.1) from /Users/dbaynes/.rvm/gems/ruby-2.1.0/specifications/sass-rails-4.0.1.gemspec
I, [2014-01-28T08:58:54.629706 #22762]  INFO -- : 0:  sdoc (0.4.0) from /Users/dbaynes/.rvm/gems/ruby-2.1.0/specifications/sdoc-0.4.0.gemspec
I, [2014-01-28T08:58:54.629980 #22762]  INFO -- : 0:  sqlite3 (1.3.8) from /Users/dbaynes/.rvm/gems/ruby-2.1.0/specifications/sqlite3-1.3.8.gemspec
I, [2014-01-28T08:58:54.630246 #22762]  INFO -- : 0:  turbolinks (2.2.0) from /Users/dbaynes/.rvm/gems/ruby-2.1.0/specifications/turbolinks-2.2.0.gemspec
I, [2014-01-28T08:58:54.630539 #22762]  INFO -- : 0:  uglifier (2.4.0) from /Users/dbaynes/.rvm/gems/ruby-2.1.0/specifications/uglifier-2.4.0.gemspec
